2023-05-30 17:10:07 INFO: Updated class 0 required to false
2023-05-30 17:10:21 INFO: Updated class 0 name to no
2023-05-30 17:51:45 INFO: Login success: 2021211201
2023-05-30 17:51:47 INFO: got schedule for 2021211201
2023-05-30 17:51:49 INFO: got schedule for 2021211201
2023-05-30 17:52:06 INFO: got schedule for 2021211200
2023-05-30 23:01:29 INFO: Login success: 2021211200
2023-05-30 23:01:34 INFO: Login success: 2021211200
2023-05-30 23:02:05 INFO: Updated class 0 name to no
2023-06-01 20:31:25 INFO: searched schedule for 2021211200
2023-06-01 20:32:02 INFO: searched schedule for 2021211200
2023-06-01 20:32:13 INFO: searched schedule for 2021211200
2023-06-01 20:33:57 INFO: searched schedule for 2021211200
2023-06-02 23:37:27 INFO: added schedule for 2021211200
2023-06-03 00:10:50 INFO: searched schedule for 2021211200
2023-06-03 00:11:17 INFO: searched schedule for 2021211200
2023-06-03 00:11:18 INFO: searched schedule for 2021211200
2023-06-03 00:12:39 INFO: searched schedule for 2021211200
2023-06-03 00:12:40 INFO: searched schedule for 2021211200
2023-06-03 00:12:41 INFO: searched schedule for 2021211200
2023-06-03 00:12:41 INFO: searched schedule for 2021211200
2023-06-03 00:12:42 INFO: searched schedule for 2021211200
2023-06-03 00:12:42 INFO: searched schedule for 2021211200
2023-06-03 00:12:42 INFO: searched schedule for 2021211200
2023-06-03 00:12:42 INFO: searched schedule for 2021211200
2023-06-03 00:12:42 INFO: searched schedule for 2021211200
2023-06-03 00:12:43 INFO: searched schedule for 2021211200
2023-06-03 00:12:43 INFO: searched schedule for 2021211200
2023-06-03 00:12:43 INFO: searched schedule for 2021211200
2023-06-03 00:13:14 INFO: searched schedule for 2021211200
2023-06-03 00:13:31 INFO: searched schedule for 2021211200
2023-06-03 00:13:53 INFO: searched schedule for 2021211200
2023-06-03 00:14:17 INFO: searched schedule for 2021211200
2023-06-03 00:14:17 INFO: searched schedule for 2021211200
2023-06-03 00:14:35 INFO: searched schedule for 2021211200
2023-06-03 00:17:50 INFO: searched schedule for 2021211200
2023-06-03 00:19:00 INFO: searched schedule for 2021211200
2023-06-03 00:19:40 INFO: searched schedule for 2021211200
2023-06-03 00:20:16 INFO: searched schedule for 2021211200
2023-06-03 00:20:58 INFO: searched schedule for 2021211200
2023-06-03 12:39:29 INFO: got schedule for 2021211200
2023-06-03 12:40:32 INFO: got schedule for 2021211200
2023-06-03 19:50:21 INFO: Get account success
2023-06-03 19:51:03 INFO: Get account success
2023-06-03 19:53:32 INFO: Get account success
2023-06-03 19:54:51 INFO: Get account success
2023-06-03 20:07:10 INFO: Get account success
